<?xml version="1.0" encoding="UTF-8"?>
<testng-results skipped="0" failed="0" total="1" passed="1">
  <reporter-output>
  </reporter-output>
  <suite name="Suite" duration-ms="43" started-at="2016-07-25T19:40:33Z" finished-at="2016-07-25T19:40:33Z">
    <groups>
    </groups>
    <test name="Hell" duration-ms="43" started-at="2016-07-25T19:40:33Z" finished-at="2016-07-25T19:40:33Z">
      <class name="ExampleTest">
        <test-method status="PASS" signature="Testing()[pri:0, instance:ExampleTest@3b6edaf6]" name="Testing" duration-ms="18" started-at="2016-07-26T01:10:33Z" finished-at="2016-07-26T01:10:33Z">
          <reporter-output>
          </reporter-output>
        </test-method> <!-- Testing -->
      </class> <!-- ExampleTest -->
    </test> <!-- Hell -->
  </suite> <!-- Suite -->
</testng-results>
